Performing C SOURCE FILE Test CMAKE_HAVE_LIBC_PTHREAD failed with the following output:
Change Dir: /home/radxa/oro_base/oro_base_edge_layer/dog_wellbeing_node/build/CMakeFiles/CMakeTmp

Run Build Command(s):/usr/bin/gmake cmTC_4f755/fast && /usr/bin/gmake  -f CMakeFiles/cmTC_4f755.dir/build.make CMakeFiles/cmTC_4f755.dir/build
gmake[1]: Entering directory '/home/radxa/oro_base/oro_base_edge_layer/dog_wellbeing_node/build/CMakeFiles/CMakeTmp'
Building C object CMakeFiles/cmTC_4f755.dir/src.c.o
/usr/bin/cc   -DCMAKE_HAVE_LIBC_PTHREAD -o CMakeFiles/cmTC_4f755.dir/src.c.o -c /home/radxa/oro_base/oro_base_edge_layer/dog_wellbeing_node/build/CMakeFiles/CMakeTmp/src.c
Linking C executable cmTC_4f755
/usr/bin/cmake -E cmake_link_script CMakeFiles/cmTC_4f755.dir/link.txt --verbose=1
/usr/bin/cc  -DCMAKE_HAVE_LIBC_PTHREAD CMakeFiles/cmTC_4f755.dir/src.c.o -o cmTC_4f755 
/usr/bin/ld: CMakeFiles/cmTC_4f755.dir/src.c.o: in function `main':
src.c:(.text+0x34): undefined reference to `pthread_create'
/usr/bin/ld: src.c:(.text+0x3c): undefined reference to `pthread_detach'
/usr/bin/ld: src.c:(.text+0x44): undefined reference to `pthread_cancel'
/usr/bin/ld: src.c:(.text+0x50): undefined reference to `pthread_join'
collect2: error: ld returned 1 exit status
gmake[1]: *** [CMakeFiles/cmTC_4f755.dir/build.make:106: cmTC_4f755] Error 1
gmake[1]: Leaving directory '/home/radxa/oro_base/oro_base_edge_layer/dog_wellbeing_node/build/CMakeFiles/CMakeTmp'
gmake: *** [Makefile:140: cmTC_4f755/fast] Error 2


Source file was:
#include <pthread.h>

void* test_func(void* data)
{
  return data;
}

int main(void)
{
  pthread_t thread;
  pthread_create(&thread, NULL, test_func, NULL);
  pthread_detach(thread);
  pthread_cancel(thread);
  pthread_join(thread, NULL);
  pthread_atfork(NULL, NULL, NULL);
  pthread_exit(NULL);

  return 0;
}

Determining if the function pthread_create exists in the pthreads failed with the following output:
Change Dir: /home/radxa/oro_base/oro_base_edge_layer/dog_wellbeing_node/build/CMakeFiles/CMakeTmp

Run Build Command(s):/usr/bin/gmake cmTC_f4253/fast && /usr/bin/gmake  -f CMakeFiles/cmTC_f4253.dir/build.make CMakeFiles/cmTC_f4253.dir/build
gmake[1]: Entering directory '/home/radxa/oro_base/oro_base_edge_layer/dog_wellbeing_node/build/CMakeFiles/CMakeTmp'
Building C object CMakeFiles/cmTC_f4253.dir/CheckFunctionExists.c.o
/usr/bin/cc   -DCHECK_FUNCTION_EXISTS=pthread_create -o CMakeFiles/cmTC_f4253.dir/CheckFunctionExists.c.o -c /usr/share/cmake-3.18/Modules/CheckFunctionExists.c
Linking C executable cmTC_f4253
/usr/bin/cmake -E cmake_link_script CMakeFiles/cmTC_f4253.dir/link.txt --verbose=1
/usr/bin/cc  -DCHECK_FUNCTION_EXISTS=pthread_create CMakeFiles/cmTC_f4253.dir/CheckFunctionExists.c.o -o cmTC_f4253  -lpthreads 
/usr/bin/ld: cannot find -lpthreads
collect2: error: ld returned 1 exit status
gmake[1]: *** [CMakeFiles/cmTC_f4253.dir/build.make:106: cmTC_f4253] Error 1
gmake[1]: Leaving directory '/home/radxa/oro_base/oro_base_edge_layer/dog_wellbeing_node/build/CMakeFiles/CMakeTmp'
gmake: *** [Makefile:140: cmTC_f4253/fast] Error 2



